 1: r-- 0x558a02a0d000  0x558a02a0e000     4 KiB
 2: r-- 0x558a02a0e000  0x558a02a0f000     4 KiB
 3: r-- 0x558a02a0f000  0x558a02a10000     4 KiB
 4: r-- 0x558a02a10000  0x558a02a11000     4 KiB
 5: rwx 0x558a02a11000  0x558a02a12000     4 KiB
 6: rwx 0x558a046f1000  0x558a04712000   132 KiB
 7: r-- 0x7f0657915000  0x7f065793a000   148 KiB
 8: r-- 0x7f065793a000  0x7f0657ab2000  1504 KiB
 9: r-- 0x7f0657ab2000  0x7f0657afc000   296 KiB
10: --- 0x7f0657afc000  0x7f0657afd000     4 KiB
11: r-- 0x7f0657afd000  0x7f0657b00000    12 KiB
12: rwx 0x7f0657b00000  0x7f0657b03000    12 KiB
13: rwx 0x7f0657b03000  0x7f0657b09000    24 KiB
14: r-- 0x7f0657b12000  0x7f0657b13000     4 KiB
15: r-- 0x7f0657b13000  0x7f0657b36000   140 KiB
16: r-- 0x7f0657b36000  0x7f0657b3e000    32 KiB
17: r-- 0x7f0657b3f000  0x7f0657b40000     4 KiB
18: rwx 0x7f0657b40000  0x7f0657b41000     4 KiB
19: rwx 0x7f0657b41000  0x7f0657b42000     4 KiB
20: rwx 0x7fff535cc000  0x7fff535ed000   132 KiB
21: r-- 0x7fff535ef000  0x7fff535f2000    12 KiB
